2015/05/15 22:10:58 [error] [exception.CException] exception 'CException' with message 'SiteController cannot find the requested view "simple".' in C:\wamp\www\DW\tarea2\yii-framework\web\CController.php:878
Stack trace:
#0 C:\wamp\www\DW\tarea2\yii-framework\web\CController.php(782): CController->renderPartial('simple', NULL, true)
#1 C:\wamp\www\DW\tarea2\protected\controllers\SiteController.php(29): CController->render('simple')
#2 C:\wamp\www\DW\tarea2\yii-framework\web\actions\CInlineAction.php(49): SiteController->actionSimple()
#3 C:\wamp\www\DW\tarea2\yii-framework\web\CController.php(308): CInlineAction->runWithParams(Array)
#4 C:\wamp\www\DW\tarea2\yii-framework\web\CController.php(286): CController->runAction(Object(CInlineAction))
#5 C:\wamp\www\DW\tarea2\yii-framework\web\CController.php(265): CController->runActionWithFilters(Object(CInlineAction), Array)
#6 C:\wamp\www\DW\tarea2\yii-framework\web\CWebApplication.php(282): CController->run('simple')
#7 C:\wamp\www\DW\tarea2\yii-framework\web\CWebApplication.php(141): CWebApplication->runController('site/simple')
#8 C:\wamp\www\DW\tarea2\yii-framework\base\CApplication.php(180): CWebApplication->processRequest()
#9 C:\wamp\www\DW\tarea2\index.php(13): CApplication->run()
#10 {main}
REQUEST_URI=/DW/tarea2/?r=site/simple
HTTP_REFERER=http://localhost/DW/tarea2/
---
2015/05/15 22:12:06 [error] [exception.CException] exception 'CException' with message 'SiteController cannot find the requested view "simple".' in C:\wamp\www\DW\tarea2\yii-framework\web\CController.php:878
Stack trace:
#0 C:\wamp\www\DW\tarea2\yii-framework\web\CController.php(782): CController->renderPartial('simple', NULL, true)
#1 C:\wamp\www\DW\tarea2\protected\controllers\SiteController.php(29): CController->render('simple')
#2 C:\wamp\www\DW\tarea2\yii-framework\web\actions\CInlineAction.php(49): SiteController->actionSimple()
#3 C:\wamp\www\DW\tarea2\yii-framework\web\CController.php(308): CInlineAction->runWithParams(Array)
#4 C:\wamp\www\DW\tarea2\yii-framework\web\CController.php(286): CController->runAction(Object(CInlineAction))
#5 C:\wamp\www\DW\tarea2\yii-framework\web\CController.php(265): CController->runActionWithFilters(Object(CInlineAction), Array)
#6 C:\wamp\www\DW\tarea2\yii-framework\web\CWebApplication.php(282): CController->run('simple')
#7 C:\wamp\www\DW\tarea2\yii-framework\web\CWebApplication.php(141): CWebApplication->runController('site/simple')
#8 C:\wamp\www\DW\tarea2\yii-framework\base\CApplication.php(180): CWebApplication->processRequest()
#9 C:\wamp\www\DW\tarea2\index.php(13): CApplication->run()
#10 {main}
REQUEST_URI=/DW/tarea2/?r=site/simple
HTTP_REFERER=http://localhost/DW/tarea2/
---
2015/05/15 22:12:15 [error] [exception.CHttpException.404] exception 'CHttpException' with message 'The system is unable to find the requested action "basica".' in C:\wamp\www\DW\tarea2\yii-framework\web\CController.php:483
Stack trace:
#0 C:\wamp\www\DW\tarea2\yii-framework\web\CController.php(270): CController->missingAction('basica')
#1 C:\wamp\www\DW\tarea2\yii-framework\web\CWebApplication.php(282): CController->run('basica')
#2 C:\wamp\www\DW\tarea2\yii-framework\web\CWebApplication.php(141): CWebApplication->runController('site/basica')
#3 C:\wamp\www\DW\tarea2\yii-framework\base\CApplication.php(180): CWebApplication->processRequest()
#4 C:\wamp\www\DW\tarea2\index.php(13): CApplication->run()
#5 {main}
REQUEST_URI=/DW/tarea2/?r=site/basica
HTTP_REFERER=http://localhost/DW/tarea2/
---
2015/05/15 22:12:55 [error] [exception.CHttpException.404] exception 'CHttpException' with message 'The system is unable to find the requested action "basica".' in C:\wamp\www\DW\tarea2\yii-framework\web\CController.php:483
Stack trace:
#0 C:\wamp\www\DW\tarea2\yii-framework\web\CController.php(270): CController->missingAction('basica')
#1 C:\wamp\www\DW\tarea2\yii-framework\web\CWebApplication.php(282): CController->run('basica')
#2 C:\wamp\www\DW\tarea2\yii-framework\web\CWebApplication.php(141): CWebApplication->runController('site/basica')
#3 C:\wamp\www\DW\tarea2\yii-framework\base\CApplication.php(180): CWebApplication->processRequest()
#4 C:\wamp\www\DW\tarea2\index.php(13): CApplication->run()
#5 {main}
REQUEST_URI=/DW/tarea2/?r=site/basica
HTTP_REFERER=http://localhost/DW/tarea2/
---
2015/05/15 22:13:09 [error] [exception.CHttpException.404] exception 'CHttpException' with message 'The system is unable to find the requested action "basica".' in C:\wamp\www\DW\tarea2\yii-framework\web\CController.php:483
Stack trace:
#0 C:\wamp\www\DW\tarea2\yii-framework\web\CController.php(270): CController->missingAction('basica')
#1 C:\wamp\www\DW\tarea2\yii-framework\web\CWebApplication.php(282): CController->run('basica')
#2 C:\wamp\www\DW\tarea2\yii-framework\web\CWebApplication.php(141): CWebApplication->runController('site/basica')
#3 C:\wamp\www\DW\tarea2\yii-framework\base\CApplication.php(180): CWebApplication->processRequest()
#4 C:\wamp\www\DW\tarea2\index.php(13): CApplication->run()
#5 {main}
REQUEST_URI=/DW/tarea2/?r=site/basica
HTTP_REFERER=http://localhost/DW/tarea2/
---
2015/05/15 22:13:15 [error] [exception.CHttpException.404] exception 'CHttpException' with message 'The system is unable to find the requested action "basica".' in C:\wamp\www\DW\tarea2\yii-framework\web\CController.php:483
Stack trace:
#0 C:\wamp\www\DW\tarea2\yii-framework\web\CController.php(270): CController->missingAction('basica')
#1 C:\wamp\www\DW\tarea2\yii-framework\web\CWebApplication.php(282): CController->run('basica')
#2 C:\wamp\www\DW\tarea2\yii-framework\web\CWebApplication.php(141): CWebApplication->runController('site/basica')
#3 C:\wamp\www\DW\tarea2\yii-framework\base\CApplication.php(180): CWebApplication->processRequest()
#4 C:\wamp\www\DW\tarea2\index.php(13): CApplication->run()
#5 {main}
REQUEST_URI=/DW/tarea2/?r=site/basica
HTTP_REFERER=http://localhost/DW/tarea2/
---
2015/05/15 22:13:54 [error] [exception.CHttpException.404] exception 'CHttpException' with message 'The system is unable to find the requested action "basica".' in C:\wamp\www\DW\tarea2\yii-framework\web\CController.php:483
Stack trace:
#0 C:\wamp\www\DW\tarea2\yii-framework\web\CController.php(270): CController->missingAction('basica')
#1 C:\wamp\www\DW\tarea2\yii-framework\web\CWebApplication.php(282): CController->run('basica')
#2 C:\wamp\www\DW\tarea2\yii-framework\web\CWebApplication.php(141): CWebApplication->runController('site/basica')
#3 C:\wamp\www\DW\tarea2\yii-framework\base\CApplication.php(180): CWebApplication->processRequest()
#4 C:\wamp\www\DW\tarea2\index.php(13): CApplication->run()
#5 {main}
REQUEST_URI=/DW/tarea2/?r=site/basica
HTTP_REFERER=http://localhost/DW/tarea2/
---
2015/05/15 22:13:56 [error] [exception.CHttpException.404] exception 'CHttpException' with message 'The system is unable to find the requested action "basica".' in C:\wamp\www\DW\tarea2\yii-framework\web\CController.php:483
Stack trace:
#0 C:\wamp\www\DW\tarea2\yii-framework\web\CController.php(270): CController->missingAction('basica')
#1 C:\wamp\www\DW\tarea2\yii-framework\web\CWebApplication.php(282): CController->run('basica')
#2 C:\wamp\www\DW\tarea2\yii-framework\web\CWebApplication.php(141): CWebApplication->runController('site/basica')
#3 C:\wamp\www\DW\tarea2\yii-framework\base\CApplication.php(180): CWebApplication->processRequest()
#4 C:\wamp\www\DW\tarea2\index.php(13): CApplication->run()
#5 {main}
REQUEST_URI=/DW/tarea2/?r=site/basica
HTTP_REFERER=http://localhost/DW/tarea2/
---
2015/05/15 22:14:09 [error] [exception.CHttpException.404] exception 'CHttpException' with message 'The system is unable to find the requested action "basica".' in C:\wamp\www\DW\tarea2\yii-framework\web\CController.php:483
Stack trace:
#0 C:\wamp\www\DW\tarea2\yii-framework\web\CController.php(270): CController->missingAction('basica')
#1 C:\wamp\www\DW\tarea2\yii-framework\web\CWebApplication.php(282): CController->run('basica')
#2 C:\wamp\www\DW\tarea2\yii-framework\web\CWebApplication.php(141): CWebApplication->runController('site/basica')
#3 C:\wamp\www\DW\tarea2\yii-framework\base\CApplication.php(180): CWebApplication->processRequest()
#4 C:\wamp\www\DW\tarea2\index.php(13): CApplication->run()
#5 {main}
REQUEST_URI=/DW/tarea2/?r=site/basica
HTTP_REFERER=http://localhost/DW/tarea2/?r=site
---
2015/05/15 23:08:47 [error] [php] Use of undefined constant emp_no - assumed 'emp_no' (C:\wamp\www\DW\tarea2\protected\views\site\basica.php:38)
Stack trace:
#0 C:\wamp\www\DW\tarea2\yii-framework\web\CController.php(869): SiteController->renderFile()
#1 C:\wamp\www\DW\tarea2\yii-framework\web\CController.php(782): SiteController->renderPartial()
#2 C:\wamp\www\DW\tarea2\protected\controllers\SiteController.php(35): SiteController->render()
#3 C:\wamp\www\DW\tarea2\yii-framework\web\actions\CInlineAction.php(49): SiteController->actionBasica()
#4 C:\wamp\www\DW\tarea2\yii-framework\web\CController.php(308): CInlineAction->runWithParams()
#5 C:\wamp\www\DW\tarea2\yii-framework\web\CController.php(286): SiteController->runAction()
#6 C:\wamp\www\DW\tarea2\yii-framework\web\CController.php(265): SiteController->runActionWithFilters()
#7 C:\wamp\www\DW\tarea2\yii-framework\web\CWebApplication.php(282): SiteController->run()
#8 C:\wamp\www\DW\tarea2\yii-framework\web\CWebApplication.php(141): CWebApplication->runController()
#9 C:\wamp\www\DW\tarea2\yii-framework\base\CApplication.php(180): CWebApplication->processRequest()
#10 C:\wamp\www\DW\tarea2\index.php(13): CWebApplication->run()
REQUEST_URI=/DW/tarea2/index.php?r=site/basica
in C:\wamp\www\DW\tarea2\protected\views\site\basica.php (38)
in C:\wamp\www\DW\tarea2\protected\controllers\SiteController.php (35)
in C:\wamp\www\DW\tarea2\index.php (13)
2015/05/20 00:13:24 [error] [system.db.CDbCommand] CDbCommand::fetchAll() failed: SQLSTATE[42000]: Syntax error or access violation: 1064 You have an error in your SQL syntax; check the manual that corresponds to your MySQL server version for the right syntax to use near 'where e.emp_no = s.emp_no
                and s.salary > 70000
            ) inn' at line 13. The SQL statement executed was: 
    		select emp_no, birth_date, first_name, last_name, gender, hire_date
    		from
    		(
                (
                    (
                        departments as d inner join dept_emp as de
                        on d.dept_no = de.dept_no
                    )
                    inner join employees as e
                    on e.emp_no = de.emp_no
                )
                inner join salaries as s
                where e.emp_no = s.emp_no
                and s.salary > 70000
            ) inner join titles as t
            where t.emp_no = e.emp_no
            and t.from_date > 1990-01-01
    		.
in C:\wamp\www\DW\tarea2\protected\controllers\SiteController.php (73)
in C:\wamp\www\DW\tarea2\index.php (13)
2015/05/20 00:13:24 [error] [exception.CDbException] exception 'CDbException' with message 'CDbCommand failed to execute the SQL statement: SQLSTATE[42000]: Syntax error or access violation: 1064 You have an error in your SQL syntax; check the manual that corresponds to your MySQL server version for the right syntax to use near 'where e.emp_no = s.emp_no
                and s.salary > 70000
            ) inn' at line 13. The SQL statement executed was: 
    		select emp_no, birth_date, first_name, last_name, gender, hire_date
    		from
    		(
                (
                    (
                        departments as d inner join dept_emp as de
                        on d.dept_no = de.dept_no
                    )
                    inner join employees as e
                    on e.emp_no = de.emp_no
                )
                inner join salaries as s
                where e.emp_no = s.emp_no
                and s.salary > 70000
            ) inner join titles as t
            where t.emp_no = e.emp_no
            and t.from_date > 1990-01-01
    		' in C:\wamp\www\DW\tarea2\yii-framework\db\CDbCommand.php:543
Stack trace:
#0 C:\wamp\www\DW\tarea2\yii-framework\db\CDbCommand.php(396): CDbCommand->queryInternal('fetchAll', Array, Array)
#1 C:\wamp\www\DW\tarea2\protected\controllers\SiteController.php(73): CDbCommand->queryAll()
#2 C:\wamp\www\DW\tarea2\yii-framework\web\actions\CInlineAction.php(49): SiteController->actionAvanzada()
#3 C:\wamp\www\DW\tarea2\yii-framework\web\CController.php(308): CInlineAction->runWithParams(Array)
#4 C:\wamp\www\DW\tarea2\yii-framework\web\CController.php(286): CController->runAction(Object(CInlineAction))
#5 C:\wamp\www\DW\tarea2\yii-framework\web\CController.php(265): CController->runActionWithFilters(Object(CInlineAction), Array)
#6 C:\wamp\www\DW\tarea2\yii-framework\web\CWebApplication.php(282): CController->run('avanzada')
#7 C:\wamp\www\DW\tarea2\yii-framework\web\CWebApplication.php(141): CWebApplication->runController('site/avanzada')
#8 C:\wamp\www\DW\tarea2\yii-framework\base\CApplication.php(180): CWebApplication->processRequest()
#9 C:\wamp\www\DW\tarea2\index.php(13): CApplication->run()
#10 {main}
REQUEST_URI=/DW/tarea2/?r=site/avanzada
HTTP_REFERER=http://localhost/DW/tarea2/
---
2015/05/20 00:15:10 [error] [system.db.CDbCommand] CDbCommand::fetchAll() failed: SQLSTATE[42000]: Syntax error or access violation: 1064 You have an error in your SQL syntax; check the manual that corresponds to your MySQL server version for the right syntax to use near 'where e.emp_no = s.emp_no
                and s.salary > 70000
            ), ti' at line 12. The SQL statement executed was: 
    		select emp_no, birth_date, first_name, last_name, gender, hire_date
    		from
    		(
                (
                    (
                        departments as d inner join dept_emp as de
                        on d.dept_no = de.dept_no
                    )
                    inner join employees as e
                    on e.emp_no = de.emp_no
                ), salaries as s
                where e.emp_no = s.emp_no
                and s.salary > 70000
            ), titles as t
            where t.emp_no = e.emp_no
            and t.from_date > 1990-01-01
    		.
in C:\wamp\www\DW\tarea2\protected\controllers\SiteController.php (72)
in C:\wamp\www\DW\tarea2\index.php (13)
2015/05/20 00:15:10 [error] [exception.CDbException] exception 'CDbException' with message 'CDbCommand failed to execute the SQL statement: SQLSTATE[42000]: Syntax error or access violation: 1064 You have an error in your SQL syntax; check the manual that corresponds to your MySQL server version for the right syntax to use near 'where e.emp_no = s.emp_no
                and s.salary > 70000
            ), ti' at line 12. The SQL statement executed was: 
    		select emp_no, birth_date, first_name, last_name, gender, hire_date
    		from
    		(
                (
                    (
                        departments as d inner join dept_emp as de
                        on d.dept_no = de.dept_no
                    )
                    inner join employees as e
                    on e.emp_no = de.emp_no
                ), salaries as s
                where e.emp_no = s.emp_no
                and s.salary > 70000
            ), titles as t
            where t.emp_no = e.emp_no
            and t.from_date > 1990-01-01
    		' in C:\wamp\www\DW\tarea2\yii-framework\db\CDbCommand.php:543
Stack trace:
#0 C:\wamp\www\DW\tarea2\yii-framework\db\CDbCommand.php(396): CDbCommand->queryInternal('fetchAll', Array, Array)
#1 C:\wamp\www\DW\tarea2\protected\controllers\SiteController.php(72): CDbCommand->queryAll()
#2 C:\wamp\www\DW\tarea2\yii-framework\web\actions\CInlineAction.php(49): SiteController->actionAvanzada()
#3 C:\wamp\www\DW\tarea2\yii-framework\web\CController.php(308): CInlineAction->runWithParams(Array)
#4 C:\wamp\www\DW\tarea2\yii-framework\web\CController.php(286): CController->runAction(Object(CInlineAction))
#5 C:\wamp\www\DW\tarea2\yii-framework\web\CController.php(265): CController->runActionWithFilters(Object(CInlineAction), Array)
#6 C:\wamp\www\DW\tarea2\yii-framework\web\CWebApplication.php(282): CController->run('avanzada')
#7 C:\wamp\www\DW\tarea2\yii-framework\web\CWebApplication.php(141): CWebApplication->runController('site/avanzada')
#8 C:\wamp\www\DW\tarea2\yii-framework\base\CApplication.php(180): CWebApplication->processRequest()
#9 C:\wamp\www\DW\tarea2\index.php(13): CApplication->run()
#10 {main}
REQUEST_URI=/DW/tarea2/?r=site/avanzada
HTTP_REFERER=http://localhost/DW/tarea2/
---
2015/05/20 00:18:30 [error] [system.db.CDbCommand] CDbCommand::fetchAll() failed: SQLSTATE[42000]: Syntax error or access violation: 1064 You have an error in your SQL syntax; check the manual that corresponds to your MySQL server version for the right syntax to use near 'inner join titles as t
            where t.emp_no = e.emp_no
            and t.f' at line 15. The SQL statement executed was: 
    		select emp_no, birth_date, first_name, last_name, gender, hire_date
    		from



                        departments as d inner join dept_emp as de
                        on d.dept_no = de.dept_no

                    inner join employees as e
                    on e.emp_no = de.emp_no

                inner join salaries as s
                where e.emp_no = s.emp_no
                and s.salary > 70000
             inner join titles as t
            where t.emp_no = e.emp_no
            and t.from_date > 1990-01-01
    		.
in C:\wamp\www\DW\tarea2\protected\controllers\SiteController.php (73)
in C:\wamp\www\DW\tarea2\index.php (13)
2015/05/20 00:18:30 [error] [exception.CDbException] exception 'CDbException' with message 'CDbCommand failed to execute the SQL statement: SQLSTATE[42000]: Syntax error or access violation: 1064 You have an error in your SQL syntax; check the manual that corresponds to your MySQL server version for the right syntax to use near 'inner join titles as t
            where t.emp_no = e.emp_no
            and t.f' at line 15. The SQL statement executed was: 
    		select emp_no, birth_date, first_name, last_name, gender, hire_date
    		from



                        departments as d inner join dept_emp as de
                        on d.dept_no = de.dept_no

                    inner join employees as e
                    on e.emp_no = de.emp_no

                inner join salaries as s
                where e.emp_no = s.emp_no
                and s.salary > 70000
             inner join titles as t
            where t.emp_no = e.emp_no
            and t.from_date > 1990-01-01
    		' in C:\wamp\www\DW\tarea2\yii-framework\db\CDbCommand.php:543
Stack trace:
#0 C:\wamp\www\DW\tarea2\yii-framework\db\CDbCommand.php(396): CDbCommand->queryInternal('fetchAll', Array, Array)
#1 C:\wamp\www\DW\tarea2\protected\controllers\SiteController.php(73): CDbCommand->queryAll()
#2 C:\wamp\www\DW\tarea2\yii-framework\web\actions\CInlineAction.php(49): SiteController->actionAvanzada()
#3 C:\wamp\www\DW\tarea2\yii-framework\web\CController.php(308): CInlineAction->runWithParams(Array)
#4 C:\wamp\www\DW\tarea2\yii-framework\web\CController.php(286): CController->runAction(Object(CInlineAction))
#5 C:\wamp\www\DW\tarea2\yii-framework\web\CController.php(265): CController->runActionWithFilters(Object(CInlineAction), Array)
#6 C:\wamp\www\DW\tarea2\yii-framework\web\CWebApplication.php(282): CController->run('avanzada')
#7 C:\wamp\www\DW\tarea2\yii-framework\web\CWebApplication.php(141): CWebApplication->runController('site/avanzada')
#8 C:\wamp\www\DW\tarea2\yii-framework\base\CApplication.php(180): CWebApplication->processRequest()
#9 C:\wamp\www\DW\tarea2\index.php(13): CApplication->run()
#10 {main}
REQUEST_URI=/DW/tarea2/?r=site/avanzada
HTTP_REFERER=http://localhost/DW/tarea2/
---
2015/05/20 00:28:18 [error] [system.db.CDbCommand] CDbCommand::fetchAll() failed: SQLSTATE[42000]: Syntax error or access violation: 1064 You have an error in your SQL syntax; check the manual that corresponds to your MySQL server version for the right syntax to use near 'where emp_no in
    		(select emp_no from salaries where salary > 70000 and
    ' at line 2. The SQL statement executed was: 
    		select emp_no, birth_date, first_name, last_name, gender, hire_date
    		from where emp_no in
    		(select emp_no from salaries where salary > 70000 and
    		emp_no in
                (select emp_no from departments as d inner join dept_emp as de
                on d.dept_no = de.dept_no
                where d.dept_name = 'Marketing')
            )
    		.
in C:\wamp\www\DW\tarea2\protected\controllers\SiteController.php (64)
in C:\wamp\www\DW\tarea2\index.php (13)
2015/05/20 00:28:18 [error] [exception.CDbException] exception 'CDbException' with message 'CDbCommand failed to execute the SQL statement: SQLSTATE[42000]: Syntax error or access violation: 1064 You have an error in your SQL syntax; check the manual that corresponds to your MySQL server version for the right syntax to use near 'where emp_no in
    		(select emp_no from salaries where salary > 70000 and
    ' at line 2. The SQL statement executed was: 
    		select emp_no, birth_date, first_name, last_name, gender, hire_date
    		from where emp_no in
    		(select emp_no from salaries where salary > 70000 and
    		emp_no in
                (select emp_no from departments as d inner join dept_emp as de
                on d.dept_no = de.dept_no
                where d.dept_name = 'Marketing')
            )
    		' in C:\wamp\www\DW\tarea2\yii-framework\db\CDbCommand.php:543
Stack trace:
#0 C:\wamp\www\DW\tarea2\yii-framework\db\CDbCommand.php(396): CDbCommand->queryInternal('fetchAll', Array, Array)
#1 C:\wamp\www\DW\tarea2\protected\controllers\SiteController.php(64): CDbCommand->queryAll()
#2 C:\wamp\www\DW\tarea2\yii-framework\web\actions\CInlineAction.php(49): SiteController->actionAvanzada()
#3 C:\wamp\www\DW\tarea2\yii-framework\web\CController.php(308): CInlineAction->runWithParams(Array)
#4 C:\wamp\www\DW\tarea2\yii-framework\web\CController.php(286): CController->runAction(Object(CInlineAction))
#5 C:\wamp\www\DW\tarea2\yii-framework\web\CController.php(265): CController->runActionWithFilters(Object(CInlineAction), Array)
#6 C:\wamp\www\DW\tarea2\yii-framework\web\CWebApplication.php(282): CController->run('avanzada')
#7 C:\wamp\www\DW\tarea2\yii-framework\web\CWebApplication.php(141): CWebApplication->runController('site/avanzada')
#8 C:\wamp\www\DW\tarea2\yii-framework\base\CApplication.php(180): CWebApplication->processRequest()
#9 C:\wamp\www\DW\tarea2\index.php(13): CApplication->run()
#10 {main}
REQUEST_URI=/DW/tarea2/?r=site/avanzada
HTTP_REFERER=http://localhost/DW/tarea2/
---
2015/05/31 03:05:57 [error] [exception.CException] exception 'CException' with message 'Property "Employees.connection" is not defined.' in C:\wamp\www\DW\tarea2-it3-paginacion\yii-framework\base\CComponent.php:130
Stack trace:
#0 C:\wamp\www\DW\tarea2-it3-paginacion\yii-framework\db\ar\CActiveRecord.php(145): CComponent->__get('connection')
#1 C:\wamp\www\DW\tarea2-it3-paginacion\protected\models\Employees.php(121): CActiveRecord->__get('connection')
#2 C:\wamp\www\DW\tarea2-it3-paginacion\protected\controllers\SiteController.php(30): Employees->countRegistros()
#3 C:\wamp\www\DW\tarea2-it3-paginacion\yii-framework\web\actions\CInlineAction.php(49): SiteController->actionBasica()
#4 C:\wamp\www\DW\tarea2-it3-paginacion\yii-framework\web\CController.php(308): CInlineAction->runWithParams(Array)
#5 C:\wamp\www\DW\tarea2-it3-paginacion\yii-framework\web\CController.php(286): CController->runAction(Object(CInlineAction))
#6 C:\wamp\www\DW\tarea2-it3-paginacion\yii-framework\web\CController.php(265): CController->runActionWithFilters(Object(CInlineAction), Array)
#7 C:\wamp\www\DW\tarea2-it3-paginacion\yii-framework\web\CWebApplication.php(282): CController->run('basica')
#8 C:\wamp\www\DW\tarea2-it3-paginacion\yii-framework\web\CWebApplication.php(141): CWebApplication->runController('site/basica')
#9 C:\wamp\www\DW\tarea2-it3-paginacion\yii-framework\base\CApplication.php(180): CWebApplication->processRequest()
#10 C:\wamp\www\DW\tarea2-it3-paginacion\index.php(13): CApplication->run()
#11 {main}
REQUEST_URI=/dw/tarea2-it3-paginacion/?r=site/basica
---
2015/05/31 03:11:27 [error] [php] Undefined index: count (C:\wamp\www\DW\tarea2-it3-paginacion\protected\models\Employees.php:125)
Stack trace:
#0 C:\wamp\www\DW\tarea2-it3-paginacion\yii-framework\web\CController.php(308): CInlineAction->runWithParams()
#1 C:\wamp\www\DW\tarea2-it3-paginacion\yii-framework\web\CController.php(286): SiteController->runAction()
#2 C:\wamp\www\DW\tarea2-it3-paginacion\yii-framework\web\CController.php(265): SiteController->runActionWithFilters()
#3 C:\wamp\www\DW\tarea2-it3-paginacion\yii-framework\web\CWebApplication.php(282): SiteController->run()
#4 C:\wamp\www\DW\tarea2-it3-paginacion\yii-framework\web\CWebApplication.php(141): CWebApplication->runController()
#5 C:\wamp\www\DW\tarea2-it3-paginacion\yii-framework\base\CApplication.php(180): CWebApplication->processRequest()
#6 C:\wamp\www\DW\tarea2-it3-paginacion\index.php(13): CWebApplication->run()
REQUEST_URI=/dw/tarea2-it3-paginacion/?r=site/basica
in C:\wamp\www\DW\tarea2-it3-paginacion\protected\models\Employees.php (125)
in C:\wamp\www\DW\tarea2-it3-paginacion\protected\controllers\SiteController.php (30)
in C:\wamp\www\DW\tarea2-it3-paginacion\index.php (13)
2015/05/31 03:12:36 [error] [system.db.CDbCommand] CDbCommand::fetchAll() failed: SQLSTATE[42000]: Syntax error or access violation: 1064 You have an error in your SQL syntax; check the manual that corresponds to your MySQL server version for the right syntax to use near '{$inicio},{$cantidad}' at line 1. The SQL statement executed was: select * from employees where emp_no>10000 and emp_no<10010 limit {$inicio},{$cantidad}.
in C:\wamp\www\DW\tarea2-it3-paginacion\protected\controllers\SiteController.php (39)
in C:\wamp\www\DW\tarea2-it3-paginacion\index.php (13)
2015/05/31 03:12:36 [error] [exception.CDbException] exception 'CDbException' with message 'CDbCommand failed to execute the SQL statement: SQLSTATE[42000]: Syntax error or access violation: 1064 You have an error in your SQL syntax; check the manual that corresponds to your MySQL server version for the right syntax to use near '{$inicio},{$cantidad}' at line 1. The SQL statement executed was: select * from employees where emp_no>10000 and emp_no<10010 limit {$inicio},{$cantidad}' in C:\wamp\www\DW\tarea2-it3-paginacion\yii-framework\db\CDbCommand.php:543
Stack trace:
#0 C:\wamp\www\DW\tarea2-it3-paginacion\yii-framework\db\CDbCommand.php(396): CDbCommand->queryInternal('fetchAll', Array, Array)
#1 C:\wamp\www\DW\tarea2-it3-paginacion\protected\controllers\SiteController.php(39): CDbCommand->queryAll()
#2 C:\wamp\www\DW\tarea2-it3-paginacion\yii-framework\web\actions\CInlineAction.php(49): SiteController->actionBasica()
#3 C:\wamp\www\DW\tarea2-it3-paginacion\yii-framework\web\CController.php(308): CInlineAction->runWithParams(Array)
#4 C:\wamp\www\DW\tarea2-it3-paginacion\yii-framework\web\CController.php(286): CController->runAction(Object(CInlineAction))
#5 C:\wamp\www\DW\tarea2-it3-paginacion\yii-framework\web\CController.php(265): CController->runActionWithFilters(Object(CInlineAction), Array)
#6 C:\wamp\www\DW\tarea2-it3-paginacion\yii-framework\web\CWebApplication.php(282): CController->run('basica')
#7 C:\wamp\www\DW\tarea2-it3-paginacion\yii-framework\web\CWebApplication.php(141): CWebApplication->runController('site/basica')
#8 C:\wamp\www\DW\tarea2-it3-paginacion\yii-framework\base\CApplication.php(180): CWebApplication->processRequest()
#9 C:\wamp\www\DW\tarea2-it3-paginacion\index.php(13): CApplication->run()
#10 {main}
REQUEST_URI=/dw/tarea2-it3-paginacion/?r=site/basica
---
2015/05/31 03:13:15 [error] [system.db.CDbCommand] CDbCommand::fetchAll() failed: SQLSTATE[42000]: Syntax error or access violation: 1064 You have an error in your SQL syntax; check the manual that corresponds to your MySQL server version for the right syntax to use near '{$inicio},{$cantidad}' at line 1. The SQL statement executed was: select * from employees where emp_no>10000 and emp_no<10010 limit {$inicio},{$cantidad}.
in C:\wamp\www\DW\tarea2-it3-paginacion\protected\controllers\SiteController.php (39)
in C:\wamp\www\DW\tarea2-it3-paginacion\index.php (13)
2015/05/31 03:13:15 [error] [exception.CDbException] exception 'CDbException' with message 'CDbCommand failed to execute the SQL statement: SQLSTATE[42000]: Syntax error or access violation: 1064 You have an error in your SQL syntax; check the manual that corresponds to your MySQL server version for the right syntax to use near '{$inicio},{$cantidad}' at line 1. The SQL statement executed was: select * from employees where emp_no>10000 and emp_no<10010 limit {$inicio},{$cantidad}' in C:\wamp\www\DW\tarea2-it3-paginacion\yii-framework\db\CDbCommand.php:543
Stack trace:
#0 C:\wamp\www\DW\tarea2-it3-paginacion\yii-framework\db\CDbCommand.php(396): CDbCommand->queryInternal('fetchAll', Array, Array)
#1 C:\wamp\www\DW\tarea2-it3-paginacion\protected\controllers\SiteController.php(39): CDbCommand->queryAll()
#2 C:\wamp\www\DW\tarea2-it3-paginacion\yii-framework\web\actions\CInlineAction.php(49): SiteController->actionBasica()
#3 C:\wamp\www\DW\tarea2-it3-paginacion\yii-framework\web\CController.php(308): CInlineAction->runWithParams(Array)
#4 C:\wamp\www\DW\tarea2-it3-paginacion\yii-framework\web\CController.php(286): CController->runAction(Object(CInlineAction))
#5 C:\wamp\www\DW\tarea2-it3-paginacion\yii-framework\web\CController.php(265): CController->runActionWithFilters(Object(CInlineAction), Array)
#6 C:\wamp\www\DW\tarea2-it3-paginacion\yii-framework\web\CWebApplication.php(282): CController->run('basica')
#7 C:\wamp\www\DW\tarea2-it3-paginacion\yii-framework\web\CWebApplication.php(141): CWebApplication->runController('site/basica')
#8 C:\wamp\www\DW\tarea2-it3-paginacion\yii-framework\base\CApplication.php(180): CWebApplication->processRequest()
#9 C:\wamp\www\DW\tarea2-it3-paginacion\index.php(13): CApplication->run()
#10 {main}
REQUEST_URI=/dw/tarea2-it3-paginacion/?r=site/basica
---
